2023/12/12 16:20:15 [notice] 1#1: using the "epoll" event method
2023/12/12 16:20:15 [notice] 1#1: nginx/1.21.6
2023/12/12 16:20:15 [notice] 1#1: built by gcc 10.3.1 20211027 (Alpine 10.3.1_git20211027) 
2023/12/12 16:20:15 [notice] 1#1: OS: Linux 5.15.133.1-microsoft-standard-WSL2
2023/12/12 16:20:15 [notice] 1#1: getrlimit(RLIMIT_NOFILE): 1048576:1048576
2023/12/12 16:20:15 [notice] 1#1: start worker processes
2023/12/12 16:20:15 [notice] 1#1: start worker process 7
2023/12/12 16:20:15 [notice] 1#1: start worker process 8
2023/12/12 16:20:15 [notice] 1#1: start worker process 9
2023/12/12 16:20:15 [notice] 1#1: start worker process 10
2023/12/12 16:20:15 [notice] 1#1: start worker process 11
2023/12/12 16:20:15 [notice] 1#1: start worker process 12
2023/12/12 16:20:15 [notice] 1#1: start worker process 13
2023/12/12 16:20:15 [notice] 1#1: start worker process 14
2023/12/12 16:20:15 [notice] 1#1: start worker process 15
2023/12/12 16:20:15 [notice] 1#1: start worker process 16
2023/12/12 16:20:15 [notice] 1#1: start worker process 17
2023/12/12 16:20:15 [notice] 1#1: start worker process 18
2023/12/12 16:20:15 [notice] 1#1: start worker process 19
2023/12/12 16:20:15 [notice] 1#1: start worker process 20
2023/12/12 16:20:15 [notice] 1#1: start worker process 21
2023/12/12 16:20:15 [notice] 1#1: start worker process 22
2023/12/12 16:20:15 [notice] 1#1: start worker process 23
2023/12/12 16:20:15 [notice] 1#1: start worker process 24
2023/12/12 16:20:15 [notice] 1#1: start worker process 25
2023/12/12 16:20:15 [notice] 1#1: start worker process 26
2023/12/12 16:20:15 [notice] 1#1: start worker process 27
2023/12/12 16:20:15 [notice] 1#1: start worker process 28
2023/12/12 16:20:15 [notice] 1#1: start worker process 29
2023/12/12 16:20:15 [notice] 1#1: start worker process 30
2023/12/12 16:22:14 [notice] 1#1: signal 3 (SIGQUIT) received, shutting down
2023/12/12 16:22:14 [notice] 8#8: gracefully shutting down
2023/12/12 16:22:14 [notice] 9#9: gracefully shutting down
2023/12/12 16:22:14 [notice] 10#10: gracefully shutting down
2023/12/12 16:22:14 [notice] 11#11: gracefully shutting down
2023/12/12 16:22:14 [notice] 12#12: gracefully shutting down
2023/12/12 16:22:14 [notice] 13#13: gracefully shutting down
2023/12/12 16:22:14 [notice] 14#14: gracefully shutting down
2023/12/12 16:22:14 [notice] 14#14: exiting
2023/12/12 16:22:14 [notice] 15#15: gracefully shutting down
2023/12/12 16:22:14 [notice] 16#16: gracefully shutting down
2023/12/12 16:22:14 [notice] 16#16: exiting
2023/12/12 16:22:14 [notice] 17#17: gracefully shutting down
2023/12/12 16:22:14 [notice] 17#17: exiting
2023/12/12 16:22:14 [notice] 18#18: gracefully shutting down
2023/12/12 16:22:14 [notice] 19#19: gracefully shutting down
2023/12/12 16:22:14 [notice] 19#19: exiting
2023/12/12 16:22:14 [notice] 19#19: exit
2023/12/12 16:22:14 [notice] 20#20: gracefully shutting down
2023/12/12 16:22:14 [notice] 22#22: gracefully shutting down
2023/12/12 16:22:14 [notice] 23#23: gracefully shutting down
2023/12/12 16:22:14 [notice] 24#24: gracefully shutting down
2023/12/12 16:22:14 [notice] 25#25: gracefully shutting down
2023/12/12 16:22:14 [notice] 25#25: exiting
2023/12/12 16:22:14 [notice] 27#27: gracefully shutting down
2023/12/12 16:22:14 [notice] 28#28: gracefully shutting down
2023/12/12 16:22:14 [notice] 29#29: gracefully shutting down
2023/12/12 16:22:14 [notice] 29#29: exiting
2023/12/12 16:22:14 [notice] 21#21: gracefully shutting down
2023/12/12 16:22:14 [notice] 21#21: exiting
2023/12/12 16:22:14 [notice] 30#30: gracefully shutting down
2023/12/12 16:22:14 [notice] 26#26: gracefully shutting down
2023/12/12 16:22:14 [notice] 7#7: gracefully shutting down
2023/12/12 16:22:14 [notice] 8#8: exiting
2023/12/12 16:22:14 [notice] 9#9: exiting
2023/12/12 16:22:14 [notice] 10#10: exiting
2023/12/12 16:22:14 [notice] 11#11: exiting
2023/12/12 16:22:14 [notice] 12#12: exiting
2023/12/12 16:22:14 [notice] 13#13: exiting
2023/12/12 16:22:14 [notice] 14#14: exit
2023/12/12 16:22:14 [notice] 15#15: exiting
2023/12/12 16:22:14 [notice] 16#16: exit
2023/12/12 16:22:14 [notice] 17#17: exit
2023/12/12 16:22:14 [notice] 18#18: exiting
2023/12/12 16:22:14 [notice] 20#20: exiting
2023/12/12 16:22:14 [notice] 22#22: exiting
2023/12/12 16:22:14 [notice] 23#23: exiting
2023/12/12 16:22:14 [notice] 24#24: exiting
2023/12/12 16:22:14 [notice] 25#25: exit
2023/12/12 16:22:14 [notice] 27#27: exiting
2023/12/12 16:22:14 [notice] 28#28: exiting
2023/12/12 16:22:14 [notice] 29#29: exit
2023/12/12 16:22:14 [notice] 21#21: exit
2023/12/12 16:22:14 [notice] 30#30: exiting
2023/12/12 16:22:14 [notice] 26#26: exiting
2023/12/12 16:22:14 [notice] 7#7: exiting
2023/12/12 16:22:14 [notice] 8#8: exit
2023/12/12 16:22:14 [notice] 9#9: exit
2023/12/12 16:22:14 [notice] 10#10: exit
2023/12/12 16:22:14 [notice] 11#11: exit
2023/12/12 16:22:14 [notice] 12#12: exit
2023/12/12 16:22:14 [notice] 13#13: exit
2023/12/12 16:22:14 [notice] 15#15: exit
2023/12/12 16:22:14 [notice] 18#18: exit
2023/12/12 16:22:14 [notice] 20#20: exit
2023/12/12 16:22:14 [notice] 22#22: exit
2023/12/12 16:22:14 [notice] 23#23: exit
2023/12/12 16:22:14 [notice] 24#24: exit
2023/12/12 16:22:14 [notice] 27#27: exit
2023/12/12 16:22:14 [notice] 28#28: exit
2023/12/12 16:22:14 [notice] 30#30: exit
2023/12/12 16:22:14 [notice] 26#26: exit
2023/12/12 16:22:14 [notice] 7#7: exit
2023/12/12 16:22:14 [notice] 1#1: signal 17 (SIGCHLD) received from 23
2023/12/12 16:22:14 [notice] 1#1: worker process 10 exited with code 0
2023/12/12 16:22:14 [notice] 1#1: worker process 11 exited with code 0
2023/12/12 16:22:14 [notice] 1#1: worker process 14 exited with code 0
2023/12/12 16:22:14 [notice] 1#1: worker process 17 exited with code 0
2023/12/12 16:22:14 [notice] 1#1: worker process 23 exited with code 0
2023/12/12 16:22:14 [notice] 1#1: worker process 26 exited with code 0
2023/12/12 16:22:14 [notice] 1#1: worker process 27 exited with code 0
2023/12/12 16:22:14 [notice] 1#1: signal 29 (SIGIO) received
2023/12/12 16:22:14 [notice] 1#1: signal 17 (SIGCHLD) received from 17
2023/12/12 16:22:14 [notice] 1#1: signal 17 (SIGCHLD) received from 30
2023/12/12 16:22:14 [notice] 1#1: worker process 8 exited with code 0
2023/12/12 16:22:14 [notice] 1#1: worker process 9 exited with code 0
2023/12/12 16:22:14 [notice] 1#1: worker process 13 exited with code 0
2023/12/12 16:22:14 [notice] 1#1: worker process 16 exited with code 0
2023/12/12 16:22:14 [notice] 1#1: worker process 20 exited with code 0
2023/12/12 16:22:14 [notice] 1#1: worker process 25 exited with code 0
2023/12/12 16:22:14 [notice] 1#1: worker process 28 exited with code 0
2023/12/12 16:22:14 [notice] 1#1: worker process 29 exited with code 0
2023/12/12 16:22:14 [notice] 1#1: worker process 30 exited with code 0
2023/12/12 16:22:14 [notice] 1#1: signal 29 (SIGIO) received
2023/12/12 16:22:14 [notice] 1#1: signal 17 (SIGCHLD) received from 28
2023/12/12 16:22:14 [notice] 1#1: signal 17 (SIGCHLD) received from 19
2023/12/12 16:22:14 [notice] 1#1: worker process 7 exited with code 0
2023/12/12 16:22:14 [notice] 1#1: worker process 12 exited with code 0
2023/12/12 16:22:14 [notice] 1#1: worker process 15 exited with code 0
2023/12/12 16:22:14 [notice] 1#1: worker process 18 exited with code 0
2023/12/12 16:22:14 [notice] 1#1: worker process 19 exited with code 0
2023/12/12 16:22:14 [notice] 1#1: worker process 21 exited with code 0
2023/12/12 16:22:14 [notice] 1#1: worker process 22 exited with code 0
2023/12/12 16:22:14 [notice] 1#1: worker process 24 exited with code 0
2023/12/12 16:22:14 [notice] 1#1: exit
2023/12/13 12:59:36 [notice] 1#1: using the "epoll" event method
2023/12/13 12:59:36 [notice] 1#1: nginx/1.21.6
2023/12/13 12:59:36 [notice] 1#1: built by gcc 10.3.1 20211027 (Alpine 10.3.1_git20211027) 
2023/12/13 12:59:36 [notice] 1#1: OS: Linux 5.15.133.1-microsoft-standard-WSL2
2023/12/13 12:59:36 [notice] 1#1: getrlimit(RLIMIT_NOFILE): 1048576:1048576
2023/12/13 12:59:36 [notice] 1#1: start worker processes
2023/12/13 12:59:36 [notice] 1#1: start worker process 7
2023/12/13 12:59:36 [notice] 1#1: start worker process 8
2023/12/13 12:59:36 [notice] 1#1: start worker process 9
2023/12/13 12:59:36 [notice] 1#1: start worker process 10
2023/12/13 12:59:36 [notice] 1#1: start worker process 11
2023/12/13 12:59:36 [notice] 1#1: start worker process 12
2023/12/13 12:59:36 [notice] 1#1: start worker process 13
2023/12/13 12:59:36 [notice] 1#1: start worker process 14
2023/12/13 12:59:36 [notice] 1#1: start worker process 15
2023/12/13 12:59:36 [notice] 1#1: start worker process 16
2023/12/13 12:59:36 [notice] 1#1: start worker process 17
2023/12/13 12:59:36 [notice] 1#1: start worker process 18
2023/12/13 12:59:36 [notice] 1#1: start worker process 19
2023/12/13 12:59:36 [notice] 1#1: start worker process 20
2023/12/13 12:59:36 [notice] 1#1: start worker process 21
2023/12/13 12:59:36 [notice] 1#1: start worker process 22
2023/12/13 12:59:36 [notice] 1#1: start worker process 23
2023/12/13 12:59:36 [notice] 1#1: start worker process 24
2023/12/13 12:59:36 [notice] 1#1: start worker process 25
2023/12/13 12:59:36 [notice] 1#1: start worker process 26
2023/12/13 12:59:36 [notice] 1#1: start worker process 27
2023/12/13 12:59:36 [notice] 1#1: start worker process 28
2023/12/13 12:59:36 [notice] 1#1: start worker process 29
2023/12/13 12:59:36 [notice] 1#1: start worker process 30
2023/12/13 13:00:05 [error] 7#7: *1 open() "/usr/share/nginx/html/favicon.ico" failed (2: No such file or directory), client: 172.23.0.1, server: localhost, request: "GET /favicon.ico HTTP/1.1", host: "localhost", referrer: "http://localhost/"
2023/12/13 13:02:32 [notice] 1#1: signal 3 (SIGQUIT) received, shutting down
2023/12/13 13:02:32 [notice] 7#7: gracefully shutting down
2023/12/13 13:02:32 [notice] 9#9: gracefully shutting down
2023/12/13 13:02:32 [notice] 10#10: gracefully shutting down
2023/12/13 13:02:32 [notice] 8#8: gracefully shutting down
2023/12/13 13:02:32 [notice] 11#11: gracefully shutting down
2023/12/13 13:02:32 [notice] 11#11: exiting
2023/12/13 13:02:32 [notice] 12#12: gracefully shutting down
2023/12/13 13:02:32 [notice] 13#13: gracefully shutting down
2023/12/13 13:02:32 [notice] 13#13: exiting
2023/12/13 13:02:32 [notice] 14#14: gracefully shutting down
2023/12/13 13:02:32 [notice] 16#16: gracefully shutting down
2023/12/13 13:02:32 [notice] 17#17: gracefully shutting down
2023/12/13 13:02:32 [notice] 15#15: gracefully shutting down
2023/12/13 13:02:32 [notice] 18#18: gracefully shutting down
2023/12/13 13:02:32 [notice] 20#20: gracefully shutting down
2023/12/13 13:02:32 [notice] 19#19: gracefully shutting down
2023/12/13 13:02:32 [notice] 21#21: gracefully shutting down
2023/12/13 13:02:32 [notice] 25#25: gracefully shutting down
2023/12/13 13:02:32 [notice] 22#22: gracefully shutting down
2023/12/13 13:02:32 [notice] 7#7: exiting
2023/12/13 13:02:32 [notice] 23#23: gracefully shutting down
2023/12/13 13:02:32 [notice] 23#23: exiting
2023/12/13 13:02:32 [notice] 24#24: gracefully shutting down
2023/12/13 13:02:32 [notice] 27#27: gracefully shutting down
2023/12/13 13:02:32 [notice] 28#28: gracefully shutting down
2023/12/13 13:02:32 [notice] 30#30: gracefully shutting down
2023/12/13 13:02:32 [notice] 26#26: gracefully shutting down
2023/12/13 13:02:32 [notice] 29#29: gracefully shutting down
2023/12/13 13:02:32 [notice] 9#9: exiting
2023/12/13 13:02:32 [notice] 10#10: exiting
2023/12/13 13:02:32 [notice] 8#8: exiting
2023/12/13 13:02:32 [notice] 11#11: exit
2023/12/13 13:02:32 [notice] 12#12: exiting
2023/12/13 13:02:32 [notice] 13#13: exit
2023/12/13 13:02:32 [notice] 14#14: exiting
2023/12/13 13:02:32 [notice] 16#16: exiting
2023/12/13 13:02:32 [notice] 17#17: exiting
2023/12/13 13:02:32 [notice] 16#16: exit
2023/12/13 13:02:32 [notice] 15#15: exiting
2023/12/13 13:02:32 [notice] 18#18: exiting
2023/12/13 13:02:32 [notice] 20#20: exiting
2023/12/13 13:02:32 [notice] 19#19: exiting
2023/12/13 13:02:32 [notice] 21#21: exiting
2023/12/13 13:02:32 [notice] 25#25: exiting
2023/12/13 13:02:32 [notice] 22#22: exiting
2023/12/13 13:02:32 [notice] 7#7: exit
2023/12/13 13:02:32 [notice] 23#23: exit
2023/12/13 13:02:32 [notice] 24#24: exiting
2023/12/13 13:02:32 [notice] 27#27: exiting
2023/12/13 13:02:32 [notice] 28#28: exiting
2023/12/13 13:02:32 [notice] 30#30: exiting
2023/12/13 13:02:32 [notice] 26#26: exiting
2023/12/13 13:02:32 [notice] 29#29: exiting
2023/12/13 13:02:32 [notice] 9#9: exit
2023/12/13 13:02:32 [notice] 10#10: exit
2023/12/13 13:02:32 [notice] 8#8: exit
2023/12/13 13:02:32 [notice] 12#12: exit
2023/12/13 13:02:32 [notice] 14#14: exit
2023/12/13 13:02:32 [notice] 17#17: exit
2023/12/13 13:02:32 [notice] 15#15: exit
2023/12/13 13:02:32 [notice] 18#18: exit
2023/12/13 13:02:32 [notice] 20#20: exit
2023/12/13 13:02:32 [notice] 19#19: exit
2023/12/13 13:02:32 [notice] 21#21: exit
2023/12/13 13:02:32 [notice] 25#25: exit
2023/12/13 13:02:32 [notice] 22#22: exit
2023/12/13 13:02:32 [notice] 24#24: exit
2023/12/13 13:02:32 [notice] 27#27: exit
2023/12/13 13:02:32 [notice] 28#28: exit
2023/12/13 13:02:32 [notice] 30#30: exit
2023/12/13 13:02:32 [notice] 26#26: exit
2023/12/13 13:02:32 [notice] 29#29: exit
2023/12/13 13:02:33 [notice] 1#1: signal 17 (SIGCHLD) received from 20
2023/12/13 13:02:33 [notice] 1#1: worker process 7 exited with code 0
2023/12/13 13:02:33 [notice] 1#1: worker process 18 exited with code 0
2023/12/13 13:02:33 [notice] 1#1: worker process 20 exited with code 0
2023/12/13 13:02:33 [notice] 1#1: worker process 21 exited with code 0
2023/12/13 13:02:33 [notice] 1#1: worker process 24 exited with code 0
2023/12/13 13:02:33 [notice] 1#1: worker process 30 exited with code 0
2023/12/13 13:02:33 [notice] 1#1: signal 29 (SIGIO) received
2023/12/13 13:02:33 [notice] 1#1: signal 17 (SIGCHLD) received from 18
2023/12/13 13:02:33 [notice] 1#1: signal 17 (SIGCHLD) received from 26
2023/12/13 13:02:33 [notice] 1#1: worker process 8 exited with code 0
2023/12/13 13:02:33 [notice] 1#1: worker process 9 exited with code 0
2023/12/13 13:02:33 [notice] 1#1: worker process 10 exited with code 0
2023/12/13 13:02:33 [notice] 1#1: worker process 11 exited with code 0
2023/12/13 13:02:33 [notice] 1#1: worker process 12 exited with code 0
2023/12/13 13:02:33 [notice] 1#1: worker process 15 exited with code 0
2023/12/13 13:02:33 [notice] 1#1: worker process 16 exited with code 0
2023/12/13 13:02:33 [notice] 1#1: worker process 17 exited with code 0
2023/12/13 13:02:33 [notice] 1#1: worker process 19 exited with code 0
2023/12/13 13:02:33 [notice] 1#1: worker process 22 exited with code 0
2023/12/13 13:02:33 [notice] 1#1: worker process 26 exited with code 0
2023/12/13 13:02:33 [notice] 1#1: worker process 27 exited with code 0
2023/12/13 13:02:33 [notice] 1#1: worker process 28 exited with code 0
2023/12/13 13:02:33 [notice] 1#1: signal 29 (SIGIO) received
2023/12/13 13:02:33 [notice] 1#1: signal 17 (SIGCHLD) received from 16
2023/12/13 13:02:33 [notice] 1#1: signal 17 (SIGCHLD) received from 14
2023/12/13 13:02:33 [notice] 1#1: worker process 14 exited with code 0
2023/12/13 13:02:33 [notice] 1#1: worker process 23 exited with code 0
2023/12/13 13:02:33 [notice] 1#1: worker process 25 exited with code 0
2023/12/13 13:02:33 [notice] 1#1: signal 29 (SIGIO) received
2023/12/13 13:02:33 [notice] 1#1: signal 17 (SIGCHLD) received from 25
2023/12/13 13:02:33 [notice] 1#1: signal 17 (SIGCHLD) received from 13
2023/12/13 13:02:33 [notice] 1#1: worker process 13 exited with code 0
2023/12/13 13:02:33 [notice] 1#1: worker process 29 exited with code 0
2023/12/13 13:02:33 [notice] 1#1: exit
2023/12/13 13:03:14 [notice] 1#1: using the "epoll" event method
2023/12/13 13:03:14 [notice] 1#1: nginx/1.21.6
2023/12/13 13:03:14 [notice] 1#1: built by gcc 10.3.1 20211027 (Alpine 10.3.1_git20211027) 
2023/12/13 13:03:14 [notice] 1#1: OS: Linux 5.15.133.1-microsoft-standard-WSL2
2023/12/13 13:03:14 [notice] 1#1: getrlimit(RLIMIT_NOFILE): 1048576:1048576
2023/12/13 13:03:14 [notice] 1#1: start worker processes
2023/12/13 13:03:14 [notice] 1#1: start worker process 7
2023/12/13 13:03:14 [notice] 1#1: start worker process 8
2023/12/13 13:03:14 [notice] 1#1: start worker process 9
2023/12/13 13:03:14 [notice] 1#1: start worker process 10
2023/12/13 13:03:14 [notice] 1#1: start worker process 11
2023/12/13 13:03:14 [notice] 1#1: start worker process 12
2023/12/13 13:03:14 [notice] 1#1: start worker process 13
2023/12/13 13:03:14 [notice] 1#1: start worker process 14
2023/12/13 13:03:14 [notice] 1#1: start worker process 15
2023/12/13 13:03:14 [notice] 1#1: start worker process 16
2023/12/13 13:03:14 [notice] 1#1: start worker process 17
2023/12/13 13:03:14 [notice] 1#1: start worker process 18
2023/12/13 13:03:14 [notice] 1#1: start worker process 19
2023/12/13 13:03:14 [notice] 1#1: start worker process 20
2023/12/13 13:03:14 [notice] 1#1: start worker process 21
2023/12/13 13:03:14 [notice] 1#1: start worker process 22
2023/12/13 13:03:14 [notice] 1#1: start worker process 23
2023/12/13 13:03:14 [notice] 1#1: start worker process 24
2023/12/13 13:03:14 [notice] 1#1: start worker process 25
2023/12/13 13:03:14 [notice] 1#1: start worker process 26
2023/12/13 13:03:14 [notice] 1#1: start worker process 27
2023/12/13 13:03:14 [notice] 1#1: start worker process 28
2023/12/13 13:03:14 [notice] 1#1: start worker process 29
2023/12/13 13:03:14 [notice] 1#1: start worker process 30
